Traceback (most recent call last):
  File "/mnt/aiongpfs/users/mnaseh/ensemble-forecasters-hpc/main.py", line 2, in <module>
Traceback (most recent call last):
  File "/mnt/aiongpfs/users/mnaseh/ensemble-forecasters-hpc/main.py", line 2, in <module>
Traceback (most recent call last):
  File "/mnt/aiongpfs/users/mnaseh/ensemble-forecasters-hpc/main.py", line 2, in <module>
Traceback (most recent call last):
  File "/mnt/aiongpfs/users/mnaseh/ensemble-forecasters-hpc/main.py", line 2, in <module>
Traceback (most recent call last):
  File "/mnt/aiongpfs/users/mnaseh/ensemble-forecasters-hpc/main.py", line 2, in <module>
Traceback (most recent call last):
  File "/mnt/aiongpfs/users/mnaseh/ensemble-forecasters-hpc/main.py", line 2, in <module>
    import jax
ModuleNotFoundError: No module named 'jax'
Traceback (most recent call last):
  File "/mnt/aiongpfs/users/mnaseh/ensemble-forecasters-hpc/main.py", line 2, in <module>
    import jax
ModuleNotFoundError: No module named 'jax'
Traceback (most recent call last):
  File "/mnt/aiongpfs/users/mnaseh/ensemble-forecasters-hpc/main.py", line 2, in <module>
    import jax
ModuleNotFoundError: No module named 'jax'
    import jax
ModuleNotFoundError: No module named 'jax'
    import jax
ModuleNotFoundError: No module named 'jax'
    import jax
ModuleNotFoundError: No module named 'jax'
    import jax
ModuleNotFoundError: No module named 'jax'
    import jax
ModuleNotFoundError: No module named 'jax'
--------------------------------------------------------------------------
Primary job  terminated normally, but 1 process returned
a non-zero exit code. Per user-direction, the job has been aborted.
--------------------------------------------------------------------------
--------------------------------------------------------------------------
mpiexec detected that one or more processes exited with non-zero status, thus causing
the job to be terminated. The first process to do so was:

  Process name: [[10890,1],4]
  Exit code:    1
--------------------------------------------------------------------------
