Rank 4: Waiting for broadcast...

Rank 5: Waiting for broadcast...

Rank 0: Initializing ensemble forecasting with MPI...
Total MPI processes: 8

Rank 1: Waiting for broadcast...

Rank 2: Waiting for broadcast...

Rank 3: Waiting for broadcast...

Rank 6: Waiting for broadcast...

Rank 7: Waiting for broadcast...

Rank 0: Creating ensemble...
Rank 0: Ensemble created with 1000 forecasters.
Rank 7: Received ensemble broadcast.
Rank 0: Received ensemble broadcast.
Rank 6: Received ensemble broadcast.
Rank 1: Received ensemble broadcast.
Rank 2: Received ensemble broadcast.
Rank 5: Received ensemble broadcast.
Rank 3: Received ensemble broadcast.
Rank 2: Local ensemble size = 125
Rank 0: Starting training...
Rank 0: Local ensemble size = 125
Rank 1: Local ensemble size = 125
Rank 3: Local ensemble size = 125
Rank 4: Received ensemble broadcast.
Rank 4: Local ensemble size = 125
Rank 6: Local ensemble size = 125
Rank 7: Local ensemble size = 125
Rank 5: Local ensemble size = 125
Rank 0: Training completed.

Rank 3: Received trained ensemble broadcast.
Rank 3: Starting prediction aggregation...
Rank 1: Received trained ensemble broadcast.
Rank 1: Starting prediction aggregation...
Rank 2: Received trained ensemble broadcast.
Rank 2: Starting prediction aggregation...
Rank 6: Received trained ensemble broadcast.
Rank 6: Starting prediction aggregation...
Rank 0: Received trained ensemble broadcast.
Rank 0: Starting prediction aggregation...
Rank 5: Received trained ensemble broadcast.
Rank 5: Starting prediction aggregation...
Rank 7: Received trained ensemble broadcast.
Rank 7: Starting prediction aggregation...
Rank 4: Received trained ensemble broadcast.
Rank 4: Starting prediction aggregation...
Rank 5: Forecaster 0 generated prediction with shape (5, 2).
Rank 3: Forecaster 0 generated prediction with shape (5, 2).
Rank 3: Forecaster 1 generated prediction with shape (5, 2).
Rank 3: Forecaster 2 generated prediction with shape (5, 2).
Rank 3: Forecaster 3 generated prediction with shape (5, 2).
Rank 1: Forecaster 0 generated prediction with shape (5, 2).
Rank 1: Forecaster 1 generated prediction with shape (5, 2).
Rank 1: Forecaster 2 generated prediction with shape (5, 2).
Rank 1: Forecaster 3 generated prediction with shape (5, 2).
Rank 2: Forecaster 0 generated prediction with shape (5, 2).
Rank 2: Forecaster 1 generated prediction with shape (5, 2).
Rank 2: Forecaster 2 generated prediction with shape (5, 2).
Rank 2: Forecaster 3 generated prediction with shape (5, 2).
Rank 4: Forecaster 0 generated prediction with shape (5, 2).
Rank 7: Forecaster 0 generated prediction with shape (5, 2).
Rank 5: Forecaster 1 generated prediction with shape (5, 2).
Rank 2: Forecaster 4 generated prediction with shape (5, 2).
Rank 2: Forecaster 5 generated prediction with shape (5, 2).
Rank 2: Forecaster 6 generated prediction with shape (5, 2).
Rank 0: Forecaster 0 generated prediction with shape (5, 2).
Rank 0: Forecaster 1 generated prediction with shape (5, 2).
Rank 3: Forecaster 4 generated prediction with shape (5, 2).
Rank 3: Forecaster 5 generated prediction with shape (5, 2).
Rank 3: Forecaster 6 generated prediction with shape (5, 2).
Rank 1: Forecaster 4 generated prediction with shape (5, 2).
Rank 1: Forecaster 5 generated prediction with shape (5, 2).
Rank 1: Forecaster 6 generated prediction with shape (5, 2).
Rank 4: Forecaster 1 generated prediction with shape (5, 2).
Rank 4: Forecaster 2 generated prediction with shape (5, 2).
Rank 4: Forecaster 3 generated prediction with shape (5, 2).
Rank 6: Forecaster 0 generated prediction with shape (5, 2).
Rank 6: Forecaster 1 generated prediction with shape (5, 2).
Rank 6: Forecaster 2 generated prediction with shape (5, 2).
Rank 5: Forecaster 2 generated prediction with shape (5, 2).
Rank 5: Forecaster 3 generated prediction with shape (5, 2).
Rank 5: Forecaster 4 generated prediction with shape (5, 2).
Rank 7: Forecaster 1 generated prediction with shape (5, 2).
Rank 7: Forecaster 2 generated prediction with shape (5, 2).
Rank 7: Forecaster 3 generated prediction with shape (5, 2).
Rank 2: Forecaster 7 generated prediction with shape (5, 2).
Rank 2: Forecaster 8 generated prediction with shape (5, 2).
Rank 2: Forecaster 9 generated prediction with shape (5, 2).
Rank 0: Forecaster 2 generated prediction with shape (5, 2).
Rank 0: Forecaster 3 generated prediction with shape (5, 2).
Rank 0: Forecaster 4 generated prediction with shape (5, 2).
Rank 3: Forecaster 7 generated prediction with shape (5, 2).
Rank 3: Forecaster 8 generated prediction with shape (5, 2).
Rank 3: Forecaster 9 generated prediction with shape (5, 2).
Rank 1: Forecaster 7 generated prediction with shape (5, 2).
Rank 1: Forecaster 8 generated prediction with shape (5, 2).
Rank 1: Forecaster 9 generated prediction with shape (5, 2).
Rank 6: Forecaster 3 generated prediction with shape (5, 2).
Rank 6: Forecaster 4 generated prediction with shape (5, 2).
Rank 6: Forecaster 5 generated prediction with shape (5, 2).
Rank 4: Forecaster 4 generated prediction with shape (5, 2).
Rank 4: Forecaster 5 generated prediction with shape (5, 2).
Rank 4: Forecaster 6 generated prediction with shape (5, 2).
Rank 7: Forecaster 4 generated prediction with shape (5, 2).
Rank 7: Forecaster 5 generated prediction with shape (5, 2).
Rank 7: Forecaster 6 generated prediction with shape (5, 2).
Rank 5: Forecaster 5 generated prediction with shape (5, 2).
Rank 5: Forecaster 6 generated prediction with shape (5, 2).
Rank 5: Forecaster 7 generated prediction with shape (5, 2).
Rank 3: Forecaster 10 generated prediction with shape (5, 2).
Rank 3: Forecaster 11 generated prediction with shape (5, 2).
Rank 3: Forecaster 12 generated prediction with shape (5, 2).
Rank 3: Forecaster 13 generated prediction with shape (5, 2).
Rank 2: Forecaster 10 generated prediction with shape (5, 2).
Rank 2: Forecaster 11 generated prediction with shape (5, 2).
Rank 2: Forecaster 12 generated prediction with shape (5, 2).
Rank 0: Forecaster 5 generated prediction with shape (5, 2).
Rank 0: Forecaster 6 generated prediction with shape (5, 2).
Rank 0: Forecaster 7 generated prediction with shape (5, 2).
Rank 0: Forecaster 8 generated prediction with shape (5, 2).
Rank 1: Forecaster 10 generated prediction with shape (5, 2).
Rank 1: Forecaster 11 generated prediction with shape (5, 2).
Rank 1: Forecaster 12 generated prediction with shape (5, 2).
Rank 7: Forecaster 7 generated prediction with shape (5, 2).
Rank 7: Forecaster 8 generated prediction with shape (5, 2).
Rank 7: Forecaster 9 generated prediction with shape (5, 2).
Rank 0: Forecaster 9 generated prediction with shape (5, 2).
Rank 0: Forecaster 10 generated prediction with shape (5, 2).
Rank 0: Forecaster 11 generated prediction with shape (5, 2).
Rank 3: Forecaster 14 generated prediction with shape (5, 2).
Rank 3: Forecaster 15 generated prediction with shape (5, 2).
Rank 3: Forecaster 16 generated prediction with shape (5, 2).
Rank 2: Forecaster 13 generated prediction with shape (5, 2).
Rank 2: Forecaster 14 generated prediction with shape (5, 2).
Rank 2: Forecaster 15 generated prediction with shape (5, 2).
Rank 1: Forecaster 13 generated prediction with shape (5, 2).
Rank 1: Forecaster 14 generated prediction with shape (5, 2).
Rank 1: Forecaster 15 generated prediction with shape (5, 2).
Rank 1: Forecaster 16 generated prediction with shape (5, 2).
Rank 4: Forecaster 7 generated prediction with shape (5, 2).
Rank 4: Forecaster 8 generated prediction with shape (5, 2).
Rank 4: Forecaster 9 generated prediction with shape (5, 2).
Rank 6: Forecaster 6 generated prediction with shape (5, 2).
Rank 6: Forecaster 7 generated prediction with shape (5, 2).
Rank 6: Forecaster 8 generated prediction with shape (5, 2).
Rank 6: Forecaster 9 generated prediction with shape (5, 2).
Rank 5: Forecaster 8 generated prediction with shape (5, 2).
Rank 5: Forecaster 9 generated prediction with shape (5, 2).
Rank 5: Forecaster 10 generated prediction with shape (5, 2).
Rank 5: Forecaster 11 generated prediction with shape (5, 2).
Rank 4: Forecaster 10 generated prediction with shape (5, 2).
Rank 4: Forecaster 11 generated prediction with shape (5, 2).
Rank 4: Forecaster 12 generated prediction with shape (5, 2).
Rank 4: Forecaster 13 generated prediction with shape (5, 2).
Rank 5: Forecaster 12 generated prediction with shape (5, 2).
Rank 5: Forecaster 13 generated prediction with shape (5, 2).
Rank 5: Forecaster 14 generated prediction with shape (5, 2).
Rank 6: Forecaster 10 generated prediction with shape (5, 2).
Rank 6: Forecaster 11 generated prediction with shape (5, 2).
Rank 6: Forecaster 12 generated prediction with shape (5, 2).
Rank 7: Forecaster 10 generated prediction with shape (5, 2).
Rank 7: Forecaster 11 generated prediction with shape (5, 2).
Rank 7: Forecaster 12 generated prediction with shape (5, 2).
Rank 7: Forecaster 13 generated prediction with shape (5, 2).
Rank 1: Forecaster 17 generated prediction with shape (5, 2).
Rank 1: Forecaster 18 generated prediction with shape (5, 2).
Rank 1: Forecaster 19 generated prediction with shape (5, 2).
Rank 2: Forecaster 16 generated prediction with shape (5, 2).
Rank 2: Forecaster 17 generated prediction with shape (5, 2).
Rank 2: Forecaster 18 generated prediction with shape (5, 2).
Rank 2: Forecaster 19 generated prediction with shape (5, 2).
Rank 0: Forecaster 12 generated prediction with shape (5, 2).
Rank 0: Forecaster 13 generated prediction with shape (5, 2).
Rank 0: Forecaster 14 generated prediction with shape (5, 2).
Rank 3: Forecaster 17 generated prediction with shape (5, 2).
Rank 3: Forecaster 18 generated prediction with shape (5, 2).
Rank 3: Forecaster 19 generated prediction with shape (5, 2).
Rank 5: Forecaster 15 generated prediction with shape (5, 2).
Rank 5: Forecaster 16 generated prediction with shape (5, 2).
Rank 5: Forecaster 17 generated prediction with shape (5, 2).
Rank 6: Forecaster 13 generated prediction with shape (5, 2).
Rank 6: Forecaster 14 generated prediction with shape (5, 2).
Rank 6: Forecaster 15 generated prediction with shape (5, 2).
Rank 4: Forecaster 14 generated prediction with shape (5, 2).
Rank 4: Forecaster 15 generated prediction with shape (5, 2).
Rank 4: Forecaster 16 generated prediction with shape (5, 2).
Rank 7: Forecaster 14 generated prediction with shape (5, 2).
Rank 7: Forecaster 15 generated prediction with shape (5, 2).
Rank 7: Forecaster 16 generated prediction with shape (5, 2).
Rank 1: Forecaster 20 generated prediction with shape (5, 2).
Rank 1: Forecaster 21 generated prediction with shape (5, 2).
Rank 1: Forecaster 22 generated prediction with shape (5, 2).
Rank 2: Forecaster 20 generated prediction with shape (5, 2).
Rank 2: Forecaster 21 generated prediction with shape (5, 2).
Rank 2: Forecaster 22 generated prediction with shape (5, 2).
Rank 0: Forecaster 15 generated prediction with shape (5, 2).
Rank 0: Forecaster 16 generated prediction with shape (5, 2).
Rank 0: Forecaster 17 generated prediction with shape (5, 2).
Rank 0: Forecaster 18 generated prediction with shape (5, 2).
Rank 3: Forecaster 20 generated prediction with shape (5, 2).
Rank 3: Forecaster 21 generated prediction with shape (5, 2).
Rank 3: Forecaster 22 generated prediction with shape (5, 2).
Rank 3: Forecaster 23 generated prediction with shape (5, 2).
Rank 6: Forecaster 16 generated prediction with shape (5, 2).
Rank 6: Forecaster 17 generated prediction with shape (5, 2).
Rank 6: Forecaster 18 generated prediction with shape (5, 2).
Rank 7: Forecaster 17 generated prediction with shape (5, 2).
Rank 7: Forecaster 18 generated prediction with shape (5, 2).
Rank 7: Forecaster 19 generated prediction with shape (5, 2).
Rank 4: Forecaster 17 generated prediction with shape (5, 2).
Rank 4: Forecaster 18 generated prediction with shape (5, 2).
Rank 4: Forecaster 19 generated prediction with shape (5, 2).
Rank 5: Forecaster 18 generated prediction with shape (5, 2).
Rank 5: Forecaster 19 generated prediction with shape (5, 2).
Rank 5: Forecaster 20 generated prediction with shape (5, 2).
Rank 5: Forecaster 21 generated prediction with shape (5, 2).
Rank 0: Forecaster 19 generated prediction with shape (5, 2).
Rank 0: Forecaster 20 generated prediction with shape (5, 2).
Rank 0: Forecaster 21 generated prediction with shape (5, 2).
Rank 1: Forecaster 23 generated prediction with shape (5, 2).
Rank 1: Forecaster 24 generated prediction with shape (5, 2).
Rank 1: Forecaster 25 generated prediction with shape (5, 2).
Rank 1: Forecaster 26 generated prediction with shape (5, 2).
Rank 2: Forecaster 23 generated prediction with shape (5, 2).
Rank 2: Forecaster 24 generated prediction with shape (5, 2).
Rank 2: Forecaster 25 generated prediction with shape (5, 2).
Rank 3: Forecaster 24 generated prediction with shape (5, 2).
Rank 3: Forecaster 25 generated prediction with shape (5, 2).
Rank 3: Forecaster 26 generated prediction with shape (5, 2).
Rank 7: Forecaster 20 generated prediction with shape (5, 2).
Rank 7: Forecaster 21 generated prediction with shape (5, 2).
Rank 7: Forecaster 22 generated prediction with shape (5, 2).
Rank 4: Forecaster 20 generated prediction with shape (5, 2).
Rank 4: Forecaster 21 generated prediction with shape (5, 2).
Rank 4: Forecaster 22 generated prediction with shape (5, 2).
Rank 4: Forecaster 23 generated prediction with shape (5, 2).
Rank 6: Forecaster 19 generated prediction with shape (5, 2).
Rank 6: Forecaster 20 generated prediction with shape (5, 2).
Rank 6: Forecaster 21 generated prediction with shape (5, 2).
Rank 6: Forecaster 22 generated prediction with shape (5, 2).
Rank 5: Forecaster 22 generated prediction with shape (5, 2).
Rank 5: Forecaster 23 generated prediction with shape (5, 2).
Rank 5: Forecaster 24 generated prediction with shape (5, 2).
Rank 1: Forecaster 27 generated prediction with shape (5, 2).
Rank 1: Forecaster 28 generated prediction with shape (5, 2).
Rank 1: Forecaster 29 generated prediction with shape (5, 2).
Rank 3: Forecaster 27 generated prediction with shape (5, 2).
Rank 3: Forecaster 28 generated prediction with shape (5, 2).
Rank 3: Forecaster 29 generated prediction with shape (5, 2).
Rank 2: Forecaster 26 generated prediction with shape (5, 2).
Rank 2: Forecaster 27 generated prediction with shape (5, 2).
Rank 2: Forecaster 28 generated prediction with shape (5, 2).
Rank 0: Forecaster 22 generated prediction with shape (5, 2).
Rank 0: Forecaster 23 generated prediction with shape (5, 2).
Rank 0: Forecaster 24 generated prediction with shape (5, 2).
Rank 4: Forecaster 24 generated prediction with shape (5, 2).
Rank 4: Forecaster 25 generated prediction with shape (5, 2).
Rank 4: Forecaster 26 generated prediction with shape (5, 2).
Rank 5: Forecaster 25 generated prediction with shape (5, 2).
Rank 5: Forecaster 26 generated prediction with shape (5, 2).
Rank 5: Forecaster 27 generated prediction with shape (5, 2).
Rank 7: Forecaster 23 generated prediction with shape (5, 2).
Rank 7: Forecaster 24 generated prediction with shape (5, 2).
Rank 7: Forecaster 25 generated prediction with shape (5, 2).
Rank 7: Forecaster 26 generated prediction with shape (5, 2).
Rank 6: Forecaster 23 generated prediction with shape (5, 2).
Rank 6: Forecaster 24 generated prediction with shape (5, 2).
Rank 6: Forecaster 25 generated prediction with shape (5, 2).
Rank 3: Forecaster 30 generated prediction with shape (5, 2).
Rank 3: Forecaster 31 generated prediction with shape (5, 2).
Rank 3: Forecaster 32 generated prediction with shape (5, 2).
Rank 3: Forecaster 33 generated prediction with shape (5, 2).
Rank 2: Forecaster 29 generated prediction with shape (5, 2).
Rank 2: Forecaster 30 generated prediction with shape (5, 2).
Rank 2: Forecaster 31 generated prediction with shape (5, 2).
Rank 1: Forecaster 30 generated prediction with shape (5, 2).
Rank 1: Forecaster 31 generated prediction with shape (5, 2).
Rank 1: Forecaster 32 generated prediction with shape (5, 2).
Rank 0: Forecaster 25 generated prediction with shape (5, 2).
Rank 0: Forecaster 26 generated prediction with shape (5, 2).
Rank 0: Forecaster 27 generated prediction with shape (5, 2).
Rank 7: Forecaster 27 generated prediction with shape (5, 2).
Rank 7: Forecaster 28 generated prediction with shape (5, 2).
Rank 7: Forecaster 29 generated prediction with shape (5, 2).
Rank 5: Forecaster 28 generated prediction with shape (5, 2).
Rank 5: Forecaster 29 generated prediction with shape (5, 2).
Rank 5: Forecaster 30 generated prediction with shape (5, 2).
Rank 4: Forecaster 27 generated prediction with shape (5, 2).
Rank 4: Forecaster 28 generated prediction with shape (5, 2).
Rank 4: Forecaster 29 generated prediction with shape (5, 2).
Rank 6: Forecaster 26 generated prediction with shape (5, 2).
Rank 6: Forecaster 27 generated prediction with shape (5, 2).
Rank 6: Forecaster 28 generated prediction with shape (5, 2).
Rank 3: Forecaster 34 generated prediction with shape (5, 2).
Rank 3: Forecaster 35 generated prediction with shape (5, 2).
Rank 3: Forecaster 36 generated prediction with shape (5, 2).
Rank 2: Forecaster 32 generated prediction with shape (5, 2).
Rank 2: Forecaster 33 generated prediction with shape (5, 2).
Rank 2: Forecaster 34 generated prediction with shape (5, 2).
Rank 2: Forecaster 35 generated prediction with shape (5, 2).
Rank 0: Forecaster 28 generated prediction with shape (5, 2).
Rank 0: Forecaster 29 generated prediction with shape (5, 2).
Rank 0: Forecaster 30 generated prediction with shape (5, 2).
Rank 0: Forecaster 31 generated prediction with shape (5, 2).
Rank 1: Forecaster 33 generated prediction with shape (5, 2).
Rank 1: Forecaster 34 generated prediction with shape (5, 2).
Rank 1: Forecaster 35 generated prediction with shape (5, 2).
Rank 4: Forecaster 30 generated prediction with shape (5, 2).
Rank 4: Forecaster 31 generated prediction with shape (5, 2).
Rank 4: Forecaster 32 generated prediction with shape (5, 2).
Rank 7: Forecaster 30 generated prediction with shape (5, 2).
Rank 7: Forecaster 31 generated prediction with shape (5, 2).
Rank 7: Forecaster 32 generated prediction with shape (5, 2).
Rank 5: Forecaster 31 generated prediction with shape (5, 2).
Rank 5: Forecaster 32 generated prediction with shape (5, 2).
Rank 5: Forecaster 33 generated prediction with shape (5, 2).
Rank 5: Forecaster 34 generated prediction with shape (5, 2).
Rank 6: Forecaster 29 generated prediction with shape (5, 2).
Rank 6: Forecaster 30 generated prediction with shape (5, 2).
Rank 6: Forecaster 31 generated prediction with shape (5, 2).
Rank 2: Forecaster 36 generated prediction with shape (5, 2).
Rank 2: Forecaster 37 generated prediction with shape (5, 2).
Rank 2: Forecaster 38 generated prediction with shape (5, 2).
Rank 3: Forecaster 37 generated prediction with shape (5, 2).
Rank 3: Forecaster 38 generated prediction with shape (5, 2).
Rank 3: Forecaster 39 generated prediction with shape (5, 2).
Rank 1: Forecaster 36 generated prediction with shape (5, 2).
Rank 1: Forecaster 37 generated prediction with shape (5, 2).
Rank 1: Forecaster 38 generated prediction with shape (5, 2).
Rank 1: Forecaster 39 generated prediction with shape (5, 2).
Rank 0: Forecaster 32 generated prediction with shape (5, 2).
Rank 0: Forecaster 33 generated prediction with shape (5, 2).
Rank 0: Forecaster 34 generated prediction with shape (5, 2).
Rank 6: Forecaster 32 generated prediction with shape (5, 2).
Rank 6: Forecaster 33 generated prediction with shape (5, 2).
Rank 6: Forecaster 34 generated prediction with shape (5, 2).
Rank 5: Forecaster 35 generated prediction with shape (5, 2).
Rank 5: Forecaster 36 generated prediction with shape (5, 2).
Rank 5: Forecaster 37 generated prediction with shape (5, 2).
Rank 4: Forecaster 33 generated prediction with shape (5, 2).
Rank 4: Forecaster 34 generated prediction with shape (5, 2).
Rank 4: Forecaster 35 generated prediction with shape (5, 2).
Rank 4: Forecaster 36 generated prediction with shape (5, 2).
Rank 7: Forecaster 33 generated prediction with shape (5, 2).
Rank 7: Forecaster 34 generated prediction with shape (5, 2).
Rank 7: Forecaster 35 generated prediction with shape (5, 2).
Rank 7: Forecaster 36 generated prediction with shape (5, 2).
Rank 1: Forecaster 40 generated prediction with shape (5, 2).
Rank 1: Forecaster 41 generated prediction with shape (5, 2).
Rank 1: Forecaster 42 generated prediction with shape (5, 2).
Rank 3: Forecaster 40 generated prediction with shape (5, 2).
Rank 3: Forecaster 41 generated prediction with shape (5, 2).
Rank 3: Forecaster 42 generated prediction with shape (5, 2).
Rank 3: Forecaster 43 generated prediction with shape (5, 2).
Rank 2: Forecaster 39 generated prediction with shape (5, 2).
Rank 2: Forecaster 40 generated prediction with shape (5, 2).
Rank 2: Forecaster 41 generated prediction with shape (5, 2).
Rank 0: Forecaster 35 generated prediction with shape (5, 2).
Rank 0: Forecaster 36 generated prediction with shape (5, 2).
Rank 0: Forecaster 37 generated prediction with shape (5, 2).
Rank 6: Forecaster 35 generated prediction with shape (5, 2).
Rank 6: Forecaster 36 generated prediction with shape (5, 2).
Rank 6: Forecaster 37 generated prediction with shape (5, 2).
Rank 6: Forecaster 38 generated prediction with shape (5, 2).
Rank 5: Forecaster 38 generated prediction with shape (5, 2).
Rank 5: Forecaster 39 generated prediction with shape (5, 2).
Rank 5: Forecaster 40 generated prediction with shape (5, 2).
Rank 4: Forecaster 37 generated prediction with shape (5, 2).
Rank 4: Forecaster 38 generated prediction with shape (5, 2).
Rank 4: Forecaster 39 generated prediction with shape (5, 2).
Rank 7: Forecaster 37 generated prediction with shape (5, 2).
Rank 7: Forecaster 38 generated prediction with shape (5, 2).
Rank 7: Forecaster 39 generated prediction with shape (5, 2).
Rank 0: Forecaster 38 generated prediction with shape (5, 2).
Rank 0: Forecaster 39 generated prediction with shape (5, 2).
Rank 0: Forecaster 40 generated prediction with shape (5, 2).
Rank 2: Forecaster 42 generated prediction with shape (5, 2).
Rank 2: Forecaster 43 generated prediction with shape (5, 2).
Rank 2: Forecaster 44 generated prediction with shape (5, 2).
Rank 1: Forecaster 43 generated prediction with shape (5, 2).
Rank 1: Forecaster 44 generated prediction with shape (5, 2).
Rank 1: Forecaster 45 generated prediction with shape (5, 2).
Rank 3: Forecaster 44 generated prediction with shape (5, 2).
Rank 3: Forecaster 45 generated prediction with shape (5, 2).
Rank 6: Forecaster 39 generated prediction with shape (5, 2).
Rank 6: Forecaster 40 generated prediction with shape (5, 2).
Rank 6: Forecaster 41 generated prediction with shape (5, 2).
Rank 5: Forecaster 41 generated prediction with shape (5, 2).
Rank 5: Forecaster 42 generated prediction with shape (5, 2).
Rank 5: Forecaster 43 generated prediction with shape (5, 2).
Rank 7: Forecaster 40 generated prediction with shape (5, 2).
Rank 7: Forecaster 41 generated prediction with shape (5, 2).
Rank 7: Forecaster 42 generated prediction with shape (5, 2).
Rank 4: Forecaster 40 generated prediction with shape (5, 2).
Rank 4: Forecaster 41 generated prediction with shape (5, 2).
Rank 4: Forecaster 42 generated prediction with shape (5, 2).
Rank 0: Forecaster 41 generated prediction with shape (5, 2).
Rank 2: Forecaster 45 generated prediction with shape (5, 2).
Rank 1: Forecaster 46 generated prediction with shape (5, 2).
Rank 3: Forecaster 46 generated prediction with shape (5, 2).
Rank 3: Forecaster 47 generated prediction with shape (5, 2).
Rank 7: Forecaster 43 generated prediction with shape (5, 2).
Rank 7: Forecaster 44 generated prediction with shape (5, 2).
Rank 7: Forecaster 45 generated prediction with shape (5, 2).
Rank 5: Forecaster 44 generated prediction with shape (5, 2).
Rank 5: Forecaster 45 generated prediction with shape (5, 2).
Rank 5: Forecaster 46 generated prediction with shape (5, 2).
Rank 5: Forecaster 47 generated prediction with shape (5, 2).
Rank 6: Forecaster 42 generated prediction with shape (5, 2).
Rank 6: Forecaster 43 generated prediction with shape (5, 2).
Rank 6: Forecaster 44 generated prediction with shape (5, 2).
Rank 4: Forecaster 43 generated prediction with shape (5, 2).
Rank 4: Forecaster 44 generated prediction with shape (5, 2).
Rank 4: Forecaster 45 generated prediction with shape (5, 2).
Rank 0: Forecaster 42 generated prediction with shape (5, 2).
Rank 0: Forecaster 43 generated prediction with shape (5, 2).
Rank 0: Forecaster 44 generated prediction with shape (5, 2).
Rank 2: Forecaster 46 generated prediction with shape (5, 2).
Rank 2: Forecaster 47 generated prediction with shape (5, 2).
Rank 2: Forecaster 48 generated prediction with shape (5, 2).
Rank 3: Forecaster 48 generated prediction with shape (5, 2).
Rank 3: Forecaster 49 generated prediction with shape (5, 2).
Rank 3: Forecaster 50 generated prediction with shape (5, 2).
Rank 1: Forecaster 47 generated prediction with shape (5, 2).
Rank 1: Forecaster 48 generated prediction with shape (5, 2).
Rank 1: Forecaster 49 generated prediction with shape (5, 2).
Rank 7: Forecaster 46 generated prediction with shape (5, 2).
Rank 7: Forecaster 47 generated prediction with shape (5, 2).
Rank 7: Forecaster 48 generated prediction with shape (5, 2).
Rank 5: Forecaster 48 generated prediction with shape (5, 2).
Rank 5: Forecaster 49 generated prediction with shape (5, 2).
Rank 5: Forecaster 50 generated prediction with shape (5, 2).
Rank 4: Forecaster 46 generated prediction with shape (5, 2).
Rank 4: Forecaster 47 generated prediction with shape (5, 2).
Rank 4: Forecaster 48 generated prediction with shape (5, 2).
Rank 6: Forecaster 45 generated prediction with shape (5, 2).
Rank 6: Forecaster 46 generated prediction with shape (5, 2).
Rank 6: Forecaster 47 generated prediction with shape (5, 2).
Rank 3: Forecaster 51 generated prediction with shape (5, 2).
Rank 3: Forecaster 52 generated prediction with shape (5, 2).
Rank 3: Forecaster 53 generated prediction with shape (5, 2).
Rank 2: Forecaster 49 generated prediction with shape (5, 2).
Rank 2: Forecaster 50 generated prediction with shape (5, 2).
Rank 2: Forecaster 51 generated prediction with shape (5, 2).
Rank 2: Forecaster 52 generated prediction with shape (5, 2).
Rank 0: Forecaster 45 generated prediction with shape (5, 2).
Rank 0: Forecaster 46 generated prediction with shape (5, 2).
Rank 0: Forecaster 47 generated prediction with shape (5, 2).
Rank 0: Forecaster 48 generated prediction with shape (5, 2).
Rank 1: Forecaster 50 generated prediction with shape (5, 2).
Rank 1: Forecaster 51 generated prediction with shape (5, 2).
Rank 1: Forecaster 52 generated prediction with shape (5, 2).
Rank 1: Forecaster 53 generated prediction with shape (5, 2).
Rank 5: Forecaster 51 generated prediction with shape (5, 2).
Rank 5: Forecaster 52 generated prediction with shape (5, 2).
Rank 5: Forecaster 53 generated prediction with shape (5, 2).
Rank 7: Forecaster 49 generated prediction with shape (5, 2).
Rank 7: Forecaster 50 generated prediction with shape (5, 2).
Rank 7: Forecaster 51 generated prediction with shape (5, 2).
Rank 6: Forecaster 48 generated prediction with shape (5, 2).
Rank 6: Forecaster 49 generated prediction with shape (5, 2).
Rank 6: Forecaster 50 generated prediction with shape (5, 2).
Rank 4: Forecaster 49 generated prediction with shape (5, 2).
Rank 4: Forecaster 50 generated prediction with shape (5, 2).
Rank 4: Forecaster 51 generated prediction with shape (5, 2).
Rank 4: Forecaster 52 generated prediction with shape (5, 2).
Rank 0: Forecaster 49 generated prediction with shape (5, 2).
Rank 0: Forecaster 50 generated prediction with shape (5, 2).
Rank 0: Forecaster 51 generated prediction with shape (5, 2).
Rank 3: Forecaster 54 generated prediction with shape (5, 2).
Rank 3: Forecaster 55 generated prediction with shape (5, 2).
Rank 3: Forecaster 56 generated prediction with shape (5, 2).
Rank 3: Forecaster 57 generated prediction with shape (5, 2).
Rank 2: Forecaster 53 generated prediction with shape (5, 2).
Rank 2: Forecaster 54 generated prediction with shape (5, 2).
Rank 2: Forecaster 55 generated prediction with shape (5, 2).
Rank 1: Forecaster 54 generated prediction with shape (5, 2).
Rank 1: Forecaster 55 generated prediction with shape (5, 2).
Rank 1: Forecaster 56 generated prediction with shape (5, 2).
Rank 7: Forecaster 52 generated prediction with shape (5, 2).
Rank 7: Forecaster 53 generated prediction with shape (5, 2).
Rank 5: Forecaster 54 generated prediction with shape (5, 2).
Rank 5: Forecaster 55 generated prediction with shape (5, 2).
Rank 4: Forecaster 53 generated prediction with shape (5, 2).
Rank 6: Forecaster 51 generated prediction with shape (5, 2).
Rank 6: Forecaster 52 generated prediction with shape (5, 2).
Rank 5: Forecaster 56 generated prediction with shape (5, 2).
Rank 7: Forecaster 54 generated prediction with shape (5, 2).
Rank 6: Forecaster 53 generated prediction with shape (5, 2).
Rank 4: Forecaster 54 generated prediction with shape (5, 2).
Rank 4: Forecaster 55 generated prediction with shape (5, 2).
Rank 0: Forecaster 52 generated prediction with shape (5, 2).
Rank 0: Forecaster 53 generated prediction with shape (5, 2).
Rank 0: Forecaster 54 generated prediction with shape (5, 2).
Rank 3: Forecaster 58 generated prediction with shape (5, 2).
Rank 3: Forecaster 59 generated prediction with shape (5, 2).
Rank 3: Forecaster 60 generated prediction with shape (5, 2).
Rank 1: Forecaster 57 generated prediction with shape (5, 2).
Rank 1: Forecaster 58 generated prediction with shape (5, 2).
Rank 1: Forecaster 59 generated prediction with shape (5, 2).
Rank 2: Forecaster 56 generated prediction with shape (5, 2).
Rank 2: Forecaster 57 generated prediction with shape (5, 2).
Rank 2: Forecaster 58 generated prediction with shape (5, 2).
Rank 6: Forecaster 54 generated prediction with shape (5, 2).
Rank 6: Forecaster 55 generated prediction with shape (5, 2).
Rank 6: Forecaster 56 generated prediction with shape (5, 2).
Rank 6: Forecaster 57 generated prediction with shape (5, 2).
Rank 7: Forecaster 55 generated prediction with shape (5, 2).
Rank 7: Forecaster 56 generated prediction with shape (5, 2).
Rank 7: Forecaster 57 generated prediction with shape (5, 2).
Rank 7: Forecaster 58 generated prediction with shape (5, 2).
Rank 5: Forecaster 57 generated prediction with shape (5, 2).
Rank 5: Forecaster 58 generated prediction with shape (5, 2).
Rank 5: Forecaster 59 generated prediction with shape (5, 2).
Rank 4: Forecaster 56 generated prediction with shape (5, 2).
Rank 4: Forecaster 57 generated prediction with shape (5, 2).
Rank 4: Forecaster 58 generated prediction with shape (5, 2).
Rank 1: Forecaster 60 generated prediction with shape (5, 2).
Rank 1: Forecaster 61 generated prediction with shape (5, 2).
Rank 1: Forecaster 62 generated prediction with shape (5, 2).
Rank 3: Forecaster 61 generated prediction with shape (5, 2).
Rank 3: Forecaster 62 generated prediction with shape (5, 2).
Rank 3: Forecaster 63 generated prediction with shape (5, 2).
Rank 0: Forecaster 55 generated prediction with shape (5, 2).
Rank 0: Forecaster 56 generated prediction with shape (5, 2).
Rank 0: Forecaster 57 generated prediction with shape (5, 2).
Rank 2: Forecaster 59 generated prediction with shape (5, 2).
Rank 2: Forecaster 60 generated prediction with shape (5, 2).
Rank 2: Forecaster 61 generated prediction with shape (5, 2).
Rank 5: Forecaster 60 generated prediction with shape (5, 2).
Rank 5: Forecaster 61 generated prediction with shape (5, 2).
Rank 5: Forecaster 62 generated prediction with shape (5, 2).
Rank 6: Forecaster 58 generated prediction with shape (5, 2).
Rank 6: Forecaster 59 generated prediction with shape (5, 2).
Rank 6: Forecaster 60 generated prediction with shape (5, 2).
Rank 7: Forecaster 59 generated prediction with shape (5, 2).
Rank 7: Forecaster 60 generated prediction with shape (5, 2).
Rank 7: Forecaster 61 generated prediction with shape (5, 2).
Rank 2: Forecaster 62 generated prediction with shape (5, 2).
Rank 2: Forecaster 63 generated prediction with shape (5, 2).
Rank 2: Forecaster 64 generated prediction with shape (5, 2).
Rank 2: Forecaster 65 generated prediction with shape (5, 2).
Rank 4: Forecaster 59 generated prediction with shape (5, 2).
Rank 4: Forecaster 60 generated prediction with shape (5, 2).
Rank 4: Forecaster 61 generated prediction with shape (5, 2).
Rank 0: Forecaster 58 generated prediction with shape (5, 2).
Rank 0: Forecaster 59 generated prediction with shape (5, 2).
Rank 0: Forecaster 60 generated prediction with shape (5, 2).
Rank 0: Forecaster 61 generated prediction with shape (5, 2).
Rank 1: Forecaster 63 generated prediction with shape (5, 2).
Rank 1: Forecaster 64 generated prediction with shape (5, 2).
Rank 1: Forecaster 65 generated prediction with shape (5, 2).
Rank 1: Forecaster 66 generated prediction with shape (5, 2).
Rank 3: Forecaster 64 generated prediction with shape (5, 2).
Rank 3: Forecaster 65 generated prediction with shape (5, 2).
Rank 3: Forecaster 66 generated prediction with shape (5, 2).
Rank 3: Forecaster 67 generated prediction with shape (5, 2).
Rank 5: Forecaster 63 generated prediction with shape (5, 2).
Rank 5: Forecaster 64 generated prediction with shape (5, 2).
Rank 5: Forecaster 65 generated prediction with shape (5, 2).
Rank 5: Forecaster 66 generated prediction with shape (5, 2).
Rank 6: Forecaster 61 generated prediction with shape (5, 2).
Rank 6: Forecaster 62 generated prediction with shape (5, 2).
Rank 6: Forecaster 63 generated prediction with shape (5, 2).
Rank 4: Forecaster 62 generated prediction with shape (5, 2).
Rank 4: Forecaster 63 generated prediction with shape (5, 2).
Rank 4: Forecaster 64 generated prediction with shape (5, 2).
Rank 4: Forecaster 65 generated prediction with shape (5, 2).
Rank 7: Forecaster 62 generated prediction with shape (5, 2).
Rank 7: Forecaster 63 generated prediction with shape (5, 2).
Rank 7: Forecaster 64 generated prediction with shape (5, 2).
Rank 3: Forecaster 68 generated prediction with shape (5, 2).
Rank 3: Forecaster 69 generated prediction with shape (5, 2).
Rank 2: Forecaster 66 generated prediction with shape (5, 2).
Rank 2: Forecaster 67 generated prediction with shape (5, 2).
Rank 0: Forecaster 62 generated prediction with shape (5, 2).
Rank 0: Forecaster 63 generated prediction with shape (5, 2).
Rank 1: Forecaster 67 generated prediction with shape (5, 2).
Rank 1: Forecaster 68 generated prediction with shape (5, 2).
Rank 7: Forecaster 65 generated prediction with shape (5, 2).
Rank 7: Forecaster 66 generated prediction with shape (5, 2).
Rank 7: Forecaster 67 generated prediction with shape (5, 2).
Rank 4: Forecaster 66 generated prediction with shape (5, 2).
Rank 4: Forecaster 67 generated prediction with shape (5, 2).
Rank 4: Forecaster 68 generated prediction with shape (5, 2).
Rank 6: Forecaster 64 generated prediction with shape (5, 2).
Rank 6: Forecaster 65 generated prediction with shape (5, 2).
Rank 6: Forecaster 66 generated prediction with shape (5, 2).
Rank 6: Forecaster 67 generated prediction with shape (5, 2).
Rank 5: Forecaster 67 generated prediction with shape (5, 2).
Rank 5: Forecaster 68 generated prediction with shape (5, 2).
Rank 5: Forecaster 69 generated prediction with shape (5, 2).
Rank 3: Forecaster 70 generated prediction with shape (5, 2).
Rank 3: Forecaster 71 generated prediction with shape (5, 2).
Rank 3: Forecaster 72 generated prediction with shape (5, 2).
Rank 3: Forecaster 73 generated prediction with shape (5, 2).
Rank 2: Forecaster 68 generated prediction with shape (5, 2).
Rank 2: Forecaster 69 generated prediction with shape (5, 2).
Rank 2: Forecaster 70 generated prediction with shape (5, 2).
Rank 2: Forecaster 71 generated prediction with shape (5, 2).
Rank 0: Forecaster 64 generated prediction with shape (5, 2).
Rank 0: Forecaster 65 generated prediction with shape (5, 2).
Rank 0: Forecaster 66 generated prediction with shape (5, 2).
Rank 0: Forecaster 67 generated prediction with shape (5, 2).
Rank 1: Forecaster 69 generated prediction with shape (5, 2).
Rank 1: Forecaster 70 generated prediction with shape (5, 2).
Rank 1: Forecaster 71 generated prediction with shape (5, 2).
Rank 1: Forecaster 72 generated prediction with shape (5, 2).
Rank 6: Forecaster 68 generated prediction with shape (5, 2).
Rank 6: Forecaster 69 generated prediction with shape (5, 2).
Rank 6: Forecaster 70 generated prediction with shape (5, 2).
Rank 5: Forecaster 70 generated prediction with shape (5, 2).
Rank 5: Forecaster 71 generated prediction with shape (5, 2).
Rank 5: Forecaster 72 generated prediction with shape (5, 2).
Rank 7: Forecaster 68 generated prediction with shape (5, 2).
Rank 7: Forecaster 69 generated prediction with shape (5, 2).
Rank 7: Forecaster 70 generated prediction with shape (5, 2).
Rank 7: Forecaster 71 generated prediction with shape (5, 2).
Rank 4: Forecaster 69 generated prediction with shape (5, 2).
Rank 4: Forecaster 70 generated prediction with shape (5, 2).
Rank 4: Forecaster 71 generated prediction with shape (5, 2).
Rank 0: Forecaster 68 generated prediction with shape (5, 2).
Rank 0: Forecaster 69 generated prediction with shape (5, 2).
Rank 0: Forecaster 70 generated prediction with shape (5, 2).
Rank 3: Forecaster 74 generated prediction with shape (5, 2).
Rank 3: Forecaster 75 generated prediction with shape (5, 2).
Rank 3: Forecaster 76 generated prediction with shape (5, 2).
Rank 2: Forecaster 72 generated prediction with shape (5, 2).
Rank 2: Forecaster 73 generated prediction with shape (5, 2).
Rank 2: Forecaster 74 generated prediction with shape (5, 2).
Rank 1: Forecaster 73 generated prediction with shape (5, 2).
Rank 1: Forecaster 74 generated prediction with shape (5, 2).
Rank 1: Forecaster 75 generated prediction with shape (5, 2).
Rank 5: Forecaster 73 generated prediction with shape (5, 2).
Rank 5: Forecaster 74 generated prediction with shape (5, 2).
Rank 5: Forecaster 75 generated prediction with shape (5, 2).
Rank 2: Forecaster 75 generated prediction with shape (5, 2).
Rank 2: Forecaster 76 generated prediction with shape (5, 2).
Rank 2: Forecaster 77 generated prediction with shape (5, 2).
Rank 0: Forecaster 71 generated prediction with shape (5, 2).
Rank 0: Forecaster 72 generated prediction with shape (5, 2).
Rank 0: Forecaster 73 generated prediction with shape (5, 2).
Rank 3: Forecaster 77 generated prediction with shape (5, 2).
Rank 3: Forecaster 78 generated prediction with shape (5, 2).
Rank 3: Forecaster 79 generated prediction with shape (5, 2).
Rank 3: Forecaster 80 generated prediction with shape (5, 2).
Rank 1: Forecaster 76 generated prediction with shape (5, 2).
Rank 1: Forecaster 77 generated prediction with shape (5, 2).
Rank 1: Forecaster 78 generated prediction with shape (5, 2).
Rank 7: Forecaster 72 generated prediction with shape (5, 2).
Rank 7: Forecaster 73 generated prediction with shape (5, 2).
Rank 7: Forecaster 74 generated prediction with shape (5, 2).
Rank 6: Forecaster 71 generated prediction with shape (5, 2).
Rank 6: Forecaster 72 generated prediction with shape (5, 2).
Rank 6: Forecaster 73 generated prediction with shape (5, 2).
Rank 4: Forecaster 72 generated prediction with shape (5, 2).
Rank 4: Forecaster 73 generated prediction with shape (5, 2).
Rank 4: Forecaster 74 generated prediction with shape (5, 2).
Rank 7: Forecaster 75 generated prediction with shape (5, 2).
Rank 7: Forecaster 76 generated prediction with shape (5, 2).
Rank 7: Forecaster 77 generated prediction with shape (5, 2).
Rank 4: Forecaster 75 generated prediction with shape (5, 2).
Rank 4: Forecaster 76 generated prediction with shape (5, 2).
Rank 4: Forecaster 77 generated prediction with shape (5, 2).
Rank 4: Forecaster 78 generated prediction with shape (5, 2).
Rank 5: Forecaster 76 generated prediction with shape (5, 2).
Rank 5: Forecaster 77 generated prediction with shape (5, 2).
Rank 5: Forecaster 78 generated prediction with shape (5, 2).
Rank 5: Forecaster 79 generated prediction with shape (5, 2).
Rank 6: Forecaster 74 generated prediction with shape (5, 2).
Rank 6: Forecaster 75 generated prediction with shape (5, 2).
Rank 6: Forecaster 76 generated prediction with shape (5, 2).
Rank 0: Forecaster 74 generated prediction with shape (5, 2).
Rank 0: Forecaster 75 generated prediction with shape (5, 2).
Rank 0: Forecaster 76 generated prediction with shape (5, 2).
Rank 0: Forecaster 77 generated prediction with shape (5, 2).
Rank 1: Forecaster 79 generated prediction with shape (5, 2).
Rank 1: Forecaster 80 generated prediction with shape (5, 2).
Rank 1: Forecaster 81 generated prediction with shape (5, 2).
Rank 3: Forecaster 81 generated prediction with shape (5, 2).
Rank 3: Forecaster 82 generated prediction with shape (5, 2).
Rank 3: Forecaster 83 generated prediction with shape (5, 2).
Rank 2: Forecaster 78 generated prediction with shape (5, 2).
Rank 2: Forecaster 79 generated prediction with shape (5, 2).
Rank 2: Forecaster 80 generated prediction with shape (5, 2).
Rank 2: Forecaster 81 generated prediction with shape (5, 2).
Rank 5: Forecaster 80 generated prediction with shape (5, 2).
Rank 5: Forecaster 81 generated prediction with shape (5, 2).
Rank 5: Forecaster 82 generated prediction with shape (5, 2).
Rank 4: Forecaster 79 generated prediction with shape (5, 2).
Rank 4: Forecaster 80 generated prediction with shape (5, 2).
Rank 4: Forecaster 81 generated prediction with shape (5, 2).
Rank 7: Forecaster 78 generated prediction with shape (5, 2).
Rank 7: Forecaster 79 generated prediction with shape (5, 2).
Rank 7: Forecaster 80 generated prediction with shape (5, 2).
Rank 6: Forecaster 77 generated prediction with shape (5, 2).
Rank 6: Forecaster 78 generated prediction with shape (5, 2).
Rank 6: Forecaster 79 generated prediction with shape (5, 2).
Rank 6: Forecaster 80 generated prediction with shape (5, 2).
Rank 1: Forecaster 82 generated prediction with shape (5, 2).
Rank 1: Forecaster 83 generated prediction with shape (5, 2).
Rank 1: Forecaster 84 generated prediction with shape (5, 2).
Rank 1: Forecaster 85 generated prediction with shape (5, 2).
Rank 3: Forecaster 84 generated prediction with shape (5, 2).
Rank 3: Forecaster 85 generated prediction with shape (5, 2).
Rank 3: Forecaster 86 generated prediction with shape (5, 2).
Rank 0: Forecaster 78 generated prediction with shape (5, 2).
Rank 0: Forecaster 79 generated prediction with shape (5, 2).
Rank 0: Forecaster 80 generated prediction with shape (5, 2).
Rank 2: Forecaster 82 generated prediction with shape (5, 2).
Rank 2: Forecaster 83 generated prediction with shape (5, 2).
Rank 2: Forecaster 84 generated prediction with shape (5, 2).
Rank 4: Forecaster 82 generated prediction with shape (5, 2).
Rank 4: Forecaster 83 generated prediction with shape (5, 2).
Rank 4: Forecaster 84 generated prediction with shape (5, 2).
Rank 6: Forecaster 81 generated prediction with shape (5, 2).
Rank 6: Forecaster 82 generated prediction with shape (5, 2).
Rank 6: Forecaster 83 generated prediction with shape (5, 2).
Rank 7: Forecaster 81 generated prediction with shape (5, 2).
Rank 7: Forecaster 82 generated prediction with shape (5, 2).
Rank 7: Forecaster 83 generated prediction with shape (5, 2).
Rank 5: Forecaster 83 generated prediction with shape (5, 2).
Rank 5: Forecaster 84 generated prediction with shape (5, 2).
Rank 5: Forecaster 85 generated prediction with shape (5, 2).
Rank 0: Forecaster 81 generated prediction with shape (5, 2).
Rank 0: Forecaster 82 generated prediction with shape (5, 2).
Rank 0: Forecaster 83 generated prediction with shape (5, 2).
Rank 1: Forecaster 86 generated prediction with shape (5, 2).
Rank 1: Forecaster 87 generated prediction with shape (5, 2).
Rank 1: Forecaster 88 generated prediction with shape (5, 2).
Rank 3: Forecaster 87 generated prediction with shape (5, 2).
Rank 3: Forecaster 88 generated prediction with shape (5, 2).
Rank 3: Forecaster 89 generated prediction with shape (5, 2).
Rank 3: Forecaster 90 generated prediction with shape (5, 2).
Rank 2: Forecaster 85 generated prediction with shape (5, 2).
Rank 2: Forecaster 86 generated prediction with shape (5, 2).
Rank 2: Forecaster 87 generated prediction with shape (5, 2).
Rank 6: Forecaster 84 generated prediction with shape (5, 2).
Rank 6: Forecaster 85 generated prediction with shape (5, 2).
Rank 6: Forecaster 86 generated prediction with shape (5, 2).
Rank 7: Forecaster 84 generated prediction with shape (5, 2).
Rank 7: Forecaster 85 generated prediction with shape (5, 2).
Rank 7: Forecaster 86 generated prediction with shape (5, 2).
Rank 7: Forecaster 87 generated prediction with shape (5, 2).
Rank 4: Forecaster 85 generated prediction with shape (5, 2).
Rank 4: Forecaster 86 generated prediction with shape (5, 2).
Rank 4: Forecaster 87 generated prediction with shape (5, 2).
Rank 4: Forecaster 88 generated prediction with shape (5, 2).
Rank 5: Forecaster 86 generated prediction with shape (5, 2).
Rank 5: Forecaster 87 generated prediction with shape (5, 2).
Rank 5: Forecaster 88 generated prediction with shape (5, 2).
Rank 5: Forecaster 89 generated prediction with shape (5, 2).
Rank 3: Forecaster 91 generated prediction with shape (5, 2).
Rank 3: Forecaster 92 generated prediction with shape (5, 2).
Rank 3: Forecaster 93 generated prediction with shape (5, 2).
Rank 0: Forecaster 84 generated prediction with shape (5, 2).
Rank 0: Forecaster 85 generated prediction with shape (5, 2).
Rank 0: Forecaster 86 generated prediction with shape (5, 2).
Rank 0: Forecaster 87 generated prediction with shape (5, 2).
Rank 1: Forecaster 89 generated prediction with shape (5, 2).
Rank 1: Forecaster 90 generated prediction with shape (5, 2).
Rank 1: Forecaster 91 generated prediction with shape (5, 2).
Rank 2: Forecaster 88 generated prediction with shape (5, 2).
Rank 2: Forecaster 89 generated prediction with shape (5, 2).
Rank 2: Forecaster 90 generated prediction with shape (5, 2).
Rank 2: Forecaster 91 generated prediction with shape (5, 2).
Rank 5: Forecaster 90 generated prediction with shape (5, 2).
Rank 5: Forecaster 91 generated prediction with shape (5, 2).
Rank 5: Forecaster 92 generated prediction with shape (5, 2).
Rank 4: Forecaster 89 generated prediction with shape (5, 2).
Rank 4: Forecaster 90 generated prediction with shape (5, 2).
Rank 4: Forecaster 91 generated prediction with shape (5, 2).
Rank 6: Forecaster 87 generated prediction with shape (5, 2).
Rank 6: Forecaster 88 generated prediction with shape (5, 2).
Rank 6: Forecaster 89 generated prediction with shape (5, 2).
Rank 7: Forecaster 88 generated prediction with shape (5, 2).
Rank 7: Forecaster 89 generated prediction with shape (5, 2).
Rank 7: Forecaster 90 generated prediction with shape (5, 2).
Rank 2: Forecaster 92 generated prediction with shape (5, 2).
Rank 2: Forecaster 93 generated prediction with shape (5, 2).
Rank 2: Forecaster 94 generated prediction with shape (5, 2).
Rank 1: Forecaster 92 generated prediction with shape (5, 2).
Rank 1: Forecaster 93 generated prediction with shape (5, 2).
Rank 1: Forecaster 94 generated prediction with shape (5, 2).
Rank 3: Forecaster 94 generated prediction with shape (5, 2).
Rank 3: Forecaster 95 generated prediction with shape (5, 2).
Rank 3: Forecaster 96 generated prediction with shape (5, 2).
Rank 0: Forecaster 88 generated prediction with shape (5, 2).
Rank 0: Forecaster 89 generated prediction with shape (5, 2).
Rank 0: Forecaster 90 generated prediction with shape (5, 2).
Rank 5: Forecaster 93 generated prediction with shape (5, 2).
Rank 5: Forecaster 94 generated prediction with shape (5, 2).
Rank 4: Forecaster 92 generated prediction with shape (5, 2).
Rank 4: Forecaster 93 generated prediction with shape (5, 2).
Rank 6: Forecaster 90 generated prediction with shape (5, 2).
Rank 6: Forecaster 91 generated prediction with shape (5, 2).
Rank 6: Forecaster 92 generated prediction with shape (5, 2).
Rank 7: Forecaster 91 generated prediction with shape (5, 2).
Rank 7: Forecaster 92 generated prediction with shape (5, 2).
Rank 1: Forecaster 95 generated prediction with shape (5, 2).
Rank 1: Forecaster 96 generated prediction with shape (5, 2).
Rank 1: Forecaster 97 generated prediction with shape (5, 2).
Rank 1: Forecaster 98 generated prediction with shape (5, 2).
Rank 3: Forecaster 97 generated prediction with shape (5, 2).
Rank 3: Forecaster 98 generated prediction with shape (5, 2).
Rank 3: Forecaster 99 generated prediction with shape (5, 2).
Rank 3: Forecaster 100 generated prediction with shape (5, 2).
Rank 0: Forecaster 91 generated prediction with shape (5, 2).
Rank 0: Forecaster 92 generated prediction with shape (5, 2).
Rank 0: Forecaster 93 generated prediction with shape (5, 2).
Rank 2: Forecaster 95 generated prediction with shape (5, 2).
Rank 2: Forecaster 96 generated prediction with shape (5, 2).
Rank 2: Forecaster 97 generated prediction with shape (5, 2).
Rank 6: Forecaster 93 generated prediction with shape (5, 2).
Rank 6: Forecaster 94 generated prediction with shape (5, 2).
Rank 6: Forecaster 95 generated prediction with shape (5, 2).
Rank 5: Forecaster 95 generated prediction with shape (5, 2).
Rank 5: Forecaster 96 generated prediction with shape (5, 2).
Rank 5: Forecaster 97 generated prediction with shape (5, 2).
Rank 5: Forecaster 98 generated prediction with shape (5, 2).
Rank 4: Forecaster 94 generated prediction with shape (5, 2).
Rank 4: Forecaster 95 generated prediction with shape (5, 2).
Rank 4: Forecaster 96 generated prediction with shape (5, 2).
Rank 4: Forecaster 97 generated prediction with shape (5, 2).
Rank 7: Forecaster 93 generated prediction with shape (5, 2).
Rank 7: Forecaster 94 generated prediction with shape (5, 2).
Rank 7: Forecaster 95 generated prediction with shape (5, 2).
Rank 7: Forecaster 96 generated prediction with shape (5, 2).
Rank 0: Forecaster 94 generated prediction with shape (5, 2).
Rank 0: Forecaster 95 generated prediction with shape (5, 2).
Rank 0: Forecaster 96 generated prediction with shape (5, 2).
Rank 0: Forecaster 97 generated prediction with shape (5, 2).
Rank 3: Forecaster 101 generated prediction with shape (5, 2).
Rank 3: Forecaster 102 generated prediction with shape (5, 2).
Rank 3: Forecaster 103 generated prediction with shape (5, 2).
Rank 1: Forecaster 99 generated prediction with shape (5, 2).
Rank 1: Forecaster 100 generated prediction with shape (5, 2).
Rank 1: Forecaster 101 generated prediction with shape (5, 2).
Rank 2: Forecaster 98 generated prediction with shape (5, 2).
Rank 2: Forecaster 99 generated prediction with shape (5, 2).
Rank 2: Forecaster 100 generated prediction with shape (5, 2).
Rank 4: Forecaster 98 generated prediction with shape (5, 2).
Rank 4: Forecaster 99 generated prediction with shape (5, 2).
Rank 4: Forecaster 100 generated prediction with shape (5, 2).
Rank 2: Forecaster 101 generated prediction with shape (5, 2).
Rank 2: Forecaster 102 generated prediction with shape (5, 2).
Rank 2: Forecaster 103 generated prediction with shape (5, 2).
Rank 2: Forecaster 104 generated prediction with shape (5, 2).
Rank 6: Forecaster 96 generated prediction with shape (5, 2).
Rank 6: Forecaster 97 generated prediction with shape (5, 2).
Rank 6: Forecaster 98 generated prediction with shape (5, 2).
Rank 0: Forecaster 98 generated prediction with shape (5, 2).
Rank 0: Forecaster 99 generated prediction with shape (5, 2).
Rank 0: Forecaster 100 generated prediction with shape (5, 2).
Rank 3: Forecaster 104 generated prediction with shape (5, 2).
Rank 3: Forecaster 105 generated prediction with shape (5, 2).
Rank 3: Forecaster 106 generated prediction with shape (5, 2).
Rank 1: Forecaster 102 generated prediction with shape (5, 2).
Rank 1: Forecaster 103 generated prediction with shape (5, 2).
Rank 1: Forecaster 104 generated prediction with shape (5, 2).
Rank 5: Forecaster 99 generated prediction with shape (5, 2).
Rank 5: Forecaster 100 generated prediction with shape (5, 2).
Rank 5: Forecaster 101 generated prediction with shape (5, 2).
Rank 7: Forecaster 97 generated prediction with shape (5, 2).
Rank 7: Forecaster 98 generated prediction with shape (5, 2).
Rank 7: Forecaster 99 generated prediction with shape (5, 2).
Rank 5: Forecaster 102 generated prediction with shape (5, 2).
Rank 5: Forecaster 103 generated prediction with shape (5, 2).
Rank 5: Forecaster 104 generated prediction with shape (5, 2).
Rank 4: Forecaster 101 generated prediction with shape (5, 2).
Rank 4: Forecaster 102 generated prediction with shape (5, 2).
Rank 4: Forecaster 103 generated prediction with shape (5, 2).
Rank 6: Forecaster 99 generated prediction with shape (5, 2).
Rank 6: Forecaster 100 generated prediction with shape (5, 2).
Rank 6: Forecaster 101 generated prediction with shape (5, 2).
Rank 6: Forecaster 102 generated prediction with shape (5, 2).
Rank 7: Forecaster 100 generated prediction with shape (5, 2).
Rank 7: Forecaster 101 generated prediction with shape (5, 2).
Rank 7: Forecaster 102 generated prediction with shape (5, 2).
Rank 3: Forecaster 107 generated prediction with shape (5, 2).
Rank 3: Forecaster 108 generated prediction with shape (5, 2).
Rank 3: Forecaster 109 generated prediction with shape (5, 2).
Rank 3: Forecaster 110 generated prediction with shape (5, 2).
Rank 2: Forecaster 105 generated prediction with shape (5, 2).
Rank 2: Forecaster 106 generated prediction with shape (5, 2).
Rank 2: Forecaster 107 generated prediction with shape (5, 2).
Rank 0: Forecaster 101 generated prediction with shape (5, 2).
Rank 0: Forecaster 102 generated prediction with shape (5, 2).
Rank 0: Forecaster 103 generated prediction with shape (5, 2).
Rank 1: Forecaster 105 generated prediction with shape (5, 2).
Rank 1: Forecaster 106 generated prediction with shape (5, 2).
Rank 1: Forecaster 107 generated prediction with shape (5, 2).
Rank 1: Forecaster 108 generated prediction with shape (5, 2).
Rank 5: Forecaster 105 generated prediction with shape (5, 2).
Rank 5: Forecaster 106 generated prediction with shape (5, 2).
Rank 4: Forecaster 104 generated prediction with shape (5, 2).
Rank 4: Forecaster 105 generated prediction with shape (5, 2).
Rank 7: Forecaster 103 generated prediction with shape (5, 2).
Rank 7: Forecaster 104 generated prediction with shape (5, 2).
Rank 6: Forecaster 103 generated prediction with shape (5, 2).
Rank 2: Forecaster 108 generated prediction with shape (5, 2).
Rank 1: Forecaster 109 generated prediction with shape (5, 2).
Rank 0: Forecaster 104 generated prediction with shape (5, 2).
Rank 0: Forecaster 105 generated prediction with shape (5, 2).
Rank 3: Forecaster 111 generated prediction with shape (5, 2).
Rank 5: Forecaster 107 generated prediction with shape (5, 2).
Rank 5: Forecaster 108 generated prediction with shape (5, 2).
Rank 5: Forecaster 109 generated prediction with shape (5, 2).
Rank 6: Forecaster 104 generated prediction with shape (5, 2).
Rank 6: Forecaster 105 generated prediction with shape (5, 2).
Rank 6: Forecaster 106 generated prediction with shape (5, 2).
Rank 6: Forecaster 107 generated prediction with shape (5, 2).
Rank 7: Forecaster 105 generated prediction with shape (5, 2).
Rank 7: Forecaster 106 generated prediction with shape (5, 2).
Rank 7: Forecaster 107 generated prediction with shape (5, 2).
Rank 4: Forecaster 106 generated prediction with shape (5, 2).
Rank 4: Forecaster 107 generated prediction with shape (5, 2).
Rank 4: Forecaster 108 generated prediction with shape (5, 2).
Rank 1: Forecaster 110 generated prediction with shape (5, 2).
Rank 1: Forecaster 111 generated prediction with shape (5, 2).
Rank 1: Forecaster 112 generated prediction with shape (5, 2).
Rank 0: Forecaster 106 generated prediction with shape (5, 2).
Rank 0: Forecaster 107 generated prediction with shape (5, 2).
Rank 0: Forecaster 108 generated prediction with shape (5, 2).
Rank 2: Forecaster 109 generated prediction with shape (5, 2).
Rank 2: Forecaster 110 generated prediction with shape (5, 2).
Rank 2: Forecaster 111 generated prediction with shape (5, 2).
Rank 2: Forecaster 112 generated prediction with shape (5, 2).
Rank 3: Forecaster 112 generated prediction with shape (5, 2).
Rank 3: Forecaster 113 generated prediction with shape (5, 2).
Rank 3: Forecaster 114 generated prediction with shape (5, 2).
Rank 6: Forecaster 108 generated prediction with shape (5, 2).
Rank 6: Forecaster 109 generated prediction with shape (5, 2).
Rank 6: Forecaster 110 generated prediction with shape (5, 2).
Rank 7: Forecaster 108 generated prediction with shape (5, 2).
Rank 7: Forecaster 109 generated prediction with shape (5, 2).
Rank 7: Forecaster 110 generated prediction with shape (5, 2).
Rank 7: Forecaster 111 generated prediction with shape (5, 2).
Rank 5: Forecaster 110 generated prediction with shape (5, 2).
Rank 5: Forecaster 111 generated prediction with shape (5, 2).
Rank 5: Forecaster 112 generated prediction with shape (5, 2).
Rank 5: Forecaster 113 generated prediction with shape (5, 2).
Rank 4: Forecaster 109 generated prediction with shape (5, 2).
Rank 4: Forecaster 110 generated prediction with shape (5, 2).
Rank 4: Forecaster 111 generated prediction with shape (5, 2).
Rank 4: Forecaster 112 generated prediction with shape (5, 2).
Rank 0: Forecaster 109 generated prediction with shape (5, 2).
Rank 0: Forecaster 110 generated prediction with shape (5, 2).
Rank 0: Forecaster 111 generated prediction with shape (5, 2).
Rank 3: Forecaster 115 generated prediction with shape (5, 2).
Rank 3: Forecaster 116 generated prediction with shape (5, 2).
Rank 3: Forecaster 117 generated prediction with shape (5, 2).
Rank 3: Forecaster 118 generated prediction with shape (5, 2).
Rank 2: Forecaster 113 generated prediction with shape (5, 2).
Rank 2: Forecaster 114 generated prediction with shape (5, 2).
Rank 2: Forecaster 115 generated prediction with shape (5, 2).
Rank 1: Forecaster 113 generated prediction with shape (5, 2).
Rank 1: Forecaster 114 generated prediction with shape (5, 2).
Rank 1: Forecaster 115 generated prediction with shape (5, 2).
Rank 5: Forecaster 114 generated prediction with shape (5, 2).
Rank 5: Forecaster 115 generated prediction with shape (5, 2).
Rank 5: Forecaster 116 generated prediction with shape (5, 2).
Rank 6: Forecaster 111 generated prediction with shape (5, 2).
Rank 6: Forecaster 112 generated prediction with shape (5, 2).
Rank 6: Forecaster 113 generated prediction with shape (5, 2).
Rank 1: Forecaster 116 generated prediction with shape (5, 2).
Rank 1: Forecaster 117 generated prediction with shape (5, 2).
Rank 1: Forecaster 118 generated prediction with shape (5, 2).
Rank 1: Forecaster 119 generated prediction with shape (5, 2).
Rank 7: Forecaster 112 generated prediction with shape (5, 2).
Rank 7: Forecaster 113 generated prediction with shape (5, 2).
Rank 7: Forecaster 114 generated prediction with shape (5, 2).
Rank 3: Forecaster 119 generated prediction with shape (5, 2).
Rank 3: Forecaster 120 generated prediction with shape (5, 2).
Rank 3: Forecaster 121 generated prediction with shape (5, 2).
Rank 2: Forecaster 116 generated prediction with shape (5, 2).
Rank 2: Forecaster 117 generated prediction with shape (5, 2).
Rank 2: Forecaster 118 generated prediction with shape (5, 2).
Rank 0: Forecaster 112 generated prediction with shape (5, 2).
Rank 0: Forecaster 113 generated prediction with shape (5, 2).
Rank 0: Forecaster 114 generated prediction with shape (5, 2).
Rank 0: Forecaster 115 generated prediction with shape (5, 2).
Rank 4: Forecaster 113 generated prediction with shape (5, 2).
Rank 4: Forecaster 114 generated prediction with shape (5, 2).
Rank 4: Forecaster 115 generated prediction with shape (5, 2).
Rank 7: Forecaster 115 generated prediction with shape (5, 2).
Rank 7: Forecaster 116 generated prediction with shape (5, 2).
Rank 7: Forecaster 117 generated prediction with shape (5, 2).
Rank 5: Forecaster 117 generated prediction with shape (5, 2).
Rank 5: Forecaster 118 generated prediction with shape (5, 2).
Rank 5: Forecaster 119 generated prediction with shape (5, 2).
Rank 6: Forecaster 114 generated prediction with shape (5, 2).
Rank 6: Forecaster 115 generated prediction with shape (5, 2).
Rank 6: Forecaster 116 generated prediction with shape (5, 2).
Rank 6: Forecaster 117 generated prediction with shape (5, 2).
Rank 4: Forecaster 116 generated prediction with shape (5, 2).
Rank 4: Forecaster 117 generated prediction with shape (5, 2).
Rank 4: Forecaster 118 generated prediction with shape (5, 2).
Rank 1: Forecaster 120 generated prediction with shape (5, 2).
Rank 1: Forecaster 121 generated prediction with shape (5, 2).
Rank 1: Forecaster 122 generated prediction with shape (5, 2).
Rank 3: Forecaster 122 generated prediction with shape (5, 2).
Rank 3: Forecaster 123 generated prediction with shape (5, 2).
Rank 3: Forecaster 124 generated prediction with shape (5, 2).
Rank 3: Entering comm.gather with 125 predictions.
Rank 3: Finished comm.gather.
Rank 2: Forecaster 119 generated prediction with shape (5, 2).
Rank 2: Forecaster 120 generated prediction with shape (5, 2).
Rank 2: Forecaster 121 generated prediction with shape (5, 2).
Rank 0: Forecaster 116 generated prediction with shape (5, 2).
Rank 0: Forecaster 117 generated prediction with shape (5, 2).
Rank 0: Forecaster 118 generated prediction with shape (5, 2).
Rank 6: Forecaster 118 generated prediction with shape (5, 2).
Rank 6: Forecaster 119 generated prediction with shape (5, 2).
Rank 6: Forecaster 120 generated prediction with shape (5, 2).
Rank 7: Forecaster 118 generated prediction with shape (5, 2).
Rank 7: Forecaster 119 generated prediction with shape (5, 2).
Rank 7: Forecaster 120 generated prediction with shape (5, 2).
Rank 5: Forecaster 120 generated prediction with shape (5, 2).
Rank 5: Forecaster 121 generated prediction with shape (5, 2).
Rank 5: Forecaster 122 generated prediction with shape (5, 2).
Rank 4: Forecaster 119 generated prediction with shape (5, 2).
Rank 4: Forecaster 120 generated prediction with shape (5, 2).
Rank 4: Forecaster 121 generated prediction with shape (5, 2).
Rank 0: Forecaster 119 generated prediction with shape (5, 2).
Rank 0: Forecaster 120 generated prediction with shape (5, 2).
Rank 0: Forecaster 121 generated prediction with shape (5, 2).
Rank 2: Forecaster 122 generated prediction with shape (5, 2).
Rank 2: Forecaster 123 generated prediction with shape (5, 2).
Rank 2: Forecaster 124 generated prediction with shape (5, 2).
Rank 2: Entering comm.gather with 125 predictions.
Rank 2: Finished comm.gather.
Rank 1: Forecaster 123 generated prediction with shape (5, 2).
Rank 1: Forecaster 124 generated prediction with shape (5, 2).
Rank 1: Entering comm.gather with 125 predictions.
Rank 1: Finished comm.gather.
Rank 5: Forecaster 123 generated prediction with shape (5, 2).
Rank 5: Forecaster 124 generated prediction with shape (5, 2).
Rank 5: Entering comm.gather with 125 predictions.
Rank 5: Finished comm.gather.
Rank 6: Forecaster 121 generated prediction with shape (5, 2).
Rank 6: Forecaster 122 generated prediction with shape (5, 2).
Rank 6: Forecaster 123 generated prediction with shape (5, 2).
Rank 7: Forecaster 121 generated prediction with shape (5, 2).
Rank 7: Forecaster 122 generated prediction with shape (5, 2).
Rank 7: Forecaster 123 generated prediction with shape (5, 2).
Rank 7: Forecaster 124 generated prediction with shape (5, 2).
Rank 7: Entering comm.gather with 125 predictions.
Rank 4: Forecaster 122 generated prediction with shape (5, 2).
Rank 4: Forecaster 123 generated prediction with shape (5, 2).
Rank 4: Forecaster 124 generated prediction with shape (5, 2).
Rank 4: Entering comm.gather with 125 predictions.
Rank 4: Finished comm.gather.
Rank 0: Forecaster 122 generated prediction with shape (5, 2).
Rank 0: Forecaster 123 generated prediction with shape (5, 2).
Rank 0: Forecaster 124 generated prediction with shape (5, 2).
Rank 0: Entering comm.gather with 125 predictions.
Rank 7: Finished comm.gather.
Rank 6: Forecaster 124 generated prediction with shape (5, 2).
Rank 6: Entering comm.gather with 125 predictions.
Rank 6: Finished comm.gather.
Rank 0: Finished comm.gather.
Rank 0: Aggregation completed.
Rank 0: Predictions: [[[0.15419483 0.64645463]
  [0.30853385 0.8762178 ]
  [0.52004486 1.2252645 ]
  [0.86274725 1.8049235 ]
  [1.5165584  2.8802865 ]]

 [[0.15229362 0.6483588 ]
  [0.3102932  0.8843216 ]
  [0.53041685 1.2442713 ]
  [0.88591766 1.8436601 ]
  [1.5696504  2.9613051 ]]

 [[0.15281695 0.6478362 ]
  [0.310014   0.88099515]
  [0.5270623  1.2360057 ]
  [0.8755772  1.8274566 ]
  [1.541766   2.9276724 ]]

 ...

 [[0.15538931 0.6452517 ]
  [0.31075948 0.8761049 ]
  [0.5215078  1.221561  ]
  [0.85683626 1.7934575 ]
  [1.5009618  2.8543644 ]]

 [[0.15113413 0.64951503]
  [0.30790257 0.88585544]
  [0.52829385 1.2492319 ]
  [0.8879019  1.8542036 ]
  [1.5731243  2.9811254 ]]

 [[0.15347642 0.6471779 ]
  [0.31017214 0.87940496]
  [0.52478486 1.2326126 ]
  [0.87142414 1.8181863 ]
  [1.5318325  2.9061012 ]]]
Rank 0: Mean prediction: [[0.15277885 0.6478738 ]
 [0.30912867 0.88095844]
 [0.5242031  1.2351556 ]
 [0.87112    1.8238317 ]
 [1.5339378  2.9170232 ]]
Rank 0: Standard deviation: [[0.00103942 0.00103969]
 [0.00122002 0.00240968]
 [0.00332018 0.00585554]
 [0.00850033 0.01382979]
 [0.0192303  0.03094573]]

Rank 0: Generating plots...
Saved plot: plots/prediction_trajectories.png
Saved plot: plots/uncertainty_bounds.png
Initial predictions shape: (1000, 5, 2)
Aggregated predictions shape (after mean along features): (1000, 5)
Boxplot data length: 5, Each entry length: [1000, 1000, 1000, 1000, 1000]
Saved plot: plots/prediction_distribution.png
Saved plot: plots/prediction_heatmap.png
Rank 1: Total execution time: 28.7490 seconds.
Rank 2: Total execution time: 28.7486 seconds.
Rank 3: Total execution time: 28.7489 seconds.
Saved plot: plots/training_loss.png
Rank 0: All plots saved in the 'plots/' directory.
Rank 0: Total execution time: 28.7490 seconds.
Rank 4: Total execution time: 28.7533 seconds.
Rank 5: Total execution time: 28.7534 seconds.
Rank 7: Total execution time: 28.7535 seconds.
Rank 6: Total execution time: 28.7532 seconds.
